#! /usr/bin/vvp
:ivl_version "10.3 (stable)";
:ivl_delay_selection "TYPICAL";
:vpi_time_precision - 9;
:vpi_module "system";
:vpi_module "vhdl_sys";
:vpi_module "v2005_math";
:vpi_module "va_math";
S_0x55a3f9c937a0 .scope module, "test" "test" 2 2;
 .timescale -9 -9;
v0x55a3f9cc4d70_0 .var "a", 3 0;
v0x55a3f9cc4e50_0 .var "b", 3 0;
v0x55a3f9cc4f20_0 .net "co", 0 0, L_0x55a3f9cc6cb0;  1 drivers
v0x55a3f9cc5040_0 .var/i "i", 31 0;
v0x55a3f9cc50e0_0 .net "sum", 3 0, L_0x55a3f9cc7010;  1 drivers
S_0x55a3f9c935a0 .scope module, "rca1" "rca" 2 8, 3 1 0, S_0x55a3f9c937a0;
 .timescale 0 0;
    .port_info 0 /INPUT 4 "a"
    .port_info 1 /INPUT 4 "b"
    .port_info 2 /OUTPUT 4 "sum"
    .port_info 3 /OUTPUT 1 "co"
v0x55a3f9cc47a0_0 .net "a", 3 0, v0x55a3f9cc4d70_0;  1 drivers
v0x55a3f9cc48a0_0 .net "b", 3 0, v0x55a3f9cc4e50_0;  1 drivers
v0x55a3f9cc4980_0 .net "c1", 0 0, L_0x55a3f9cc55e0;  1 drivers
v0x55a3f9cc4a20_0 .net "c2", 0 0, L_0x55a3f9cc5dc0;  1 drivers
v0x55a3f9cc4ac0_0 .net "c3", 0 0, L_0x55a3f9cc64a0;  1 drivers
v0x55a3f9cc4bb0_0 .net "co", 0 0, L_0x55a3f9cc6cb0;  alias, 1 drivers
v0x55a3f9cc4c50_0 .net "sum", 3 0, L_0x55a3f9cc7010;  alias, 1 drivers
L_0x55a3f9cc5720 .part v0x55a3f9cc4d70_0, 0, 1;
L_0x55a3f9cc5870 .part v0x55a3f9cc4e50_0, 0, 1;
L_0x55a3f9cc5f00 .part v0x55a3f9cc4d70_0, 1, 1;
L_0x55a3f9cc6030 .part v0x55a3f9cc4e50_0, 1, 1;
L_0x55a3f9cc65e0 .part v0x55a3f9cc4d70_0, 2, 1;
L_0x55a3f9cc67a0 .part v0x55a3f9cc4e50_0, 2, 1;
L_0x55a3f9cc6d60 .part v0x55a3f9cc4d70_0, 3, 1;
L_0x55a3f9cc6e90 .part v0x55a3f9cc4e50_0, 3, 1;
L_0x55a3f9cc7010 .concat8 [ 1 1 1 1], L_0x55a3f9cc5400, L_0x55a3f9cc5ba0, L_0x55a3f9cc6280, L_0x55a3f9cc6ae0;
S_0x55a3f9c997c0 .scope module, "fa1" "fa" 3 5, 4 1 0, S_0x55a3f9c935a0;
 .timescale 0 0;
    .port_info 0 /INPUT 1 "a"
    .port_info 1 /INPUT 1 "b"
    .port_info 2 /INPUT 1 "cin"
    .port_info 3 /OUTPUT 1 "sum"
    .port_info 4 /OUTPUT 1 "co"
L_0x55a3f9cc55e0 .functor OR 1, L_0x55a3f9cc5320, L_0x55a3f9cc5550, C4<0>, C4<0>;
v0x55a3f9cc00b0_0 .net "a", 0 0, L_0x55a3f9cc5720;  1 drivers
v0x55a3f9cc0170_0 .net "b", 0 0, L_0x55a3f9cc5870;  1 drivers
v0x55a3f9cc0240_0 .net "c1", 0 0, L_0x55a3f9cc5320;  1 drivers
v0x55a3f9cc0340_0 .net "c2", 0 0, L_0x55a3f9cc5550;  1 drivers
L_0x7f5fb00d8018 .functor BUFT 1, C4<0>, C4<0>, C4<0>, C4<0>;
v0x55a3f9cc0410_0 .net "cin", 0 0, L_0x7f5fb00d8018;  1 drivers
v0x55a3f9cc0500_0 .net "co", 0 0, L_0x55a3f9cc55e0;  alias, 1 drivers
v0x55a3f9cc05a0_0 .net "s1", 0 0, L_0x55a3f9cc51f0;  1 drivers
v0x55a3f9cc0690_0 .net "sum", 0 0, L_0x55a3f9cc5400;  1 drivers
S_0x55a3f9c97840 .scope module, "ha1" "ha" 4 4, 5 1 0, S_0x55a3f9c997c0;
 .timescale 0 0;
    .port_info 0 /INPUT 1 "a"
    .port_info 1 /INPUT 1 "b"
    .port_info 2 /OUTPUT 1 "sum"
    .port_info 3 /OUTPUT 1 "co"
L_0x55a3f9cc51f0 .functor XOR 1, L_0x55a3f9cc5720, L_0x55a3f9cc5870, C4<0>, C4<0>;
L_0x55a3f9cc5320 .functor AND 1, L_0x55a3f9cc5720, L_0x55a3f9cc5870, C4<1>, C4<1>;
v0x55a3f9c99bb0_0 .net "a", 0 0, L_0x55a3f9cc5720;  alias, 1 drivers
v0x55a3f9c97c30_0 .net "b", 0 0, L_0x55a3f9cc5870;  alias, 1 drivers
v0x55a3f9c95cb0_0 .net "co", 0 0, L_0x55a3f9cc5320;  alias, 1 drivers
v0x55a3f9c93d00_0 .net "sum", 0 0, L_0x55a3f9cc51f0;  alias, 1 drivers
S_0x55a3f9cbfb10 .scope module, "ha2" "ha" 4 5, 5 1 0, S_0x55a3f9c997c0;
 .timescale 0 0;
    .port_info 0 /INPUT 1 "a"
    .port_info 1 /INPUT 1 "b"
    .port_info 2 /OUTPUT 1 "sum"
    .port_info 3 /OUTPUT 1 "co"
L_0x55a3f9cc5400 .functor XOR 1, L_0x7f5fb00d8018, L_0x55a3f9cc51f0, C4<0>, C4<0>;
L_0x55a3f9cc5550 .functor AND 1, L_0x7f5fb00d8018, L_0x55a3f9cc51f0, C4<1>, C4<1>;
v0x55a3f9cbfd00_0 .net "a", 0 0, L_0x7f5fb00d8018;  alias, 1 drivers
v0x55a3f9cbfdc0_0 .net "b", 0 0, L_0x55a3f9cc51f0;  alias, 1 drivers
v0x55a3f9cbfeb0_0 .net "co", 0 0, L_0x55a3f9cc5550;  alias, 1 drivers
v0x55a3f9cbff80_0 .net "sum", 0 0, L_0x55a3f9cc5400;  alias, 1 drivers
S_0x55a3f9cc0760 .scope module, "fa2" "fa" 3 6, 4 1 0, S_0x55a3f9c935a0;
 .timescale 0 0;
    .port_info 0 /INPUT 1 "a"
    .port_info 1 /INPUT 1 "b"
    .port_info 2 /INPUT 1 "cin"
    .port_info 3 /OUTPUT 1 "sum"
    .port_info 4 /OUTPUT 1 "co"
L_0x55a3f9cc5dc0 .functor OR 1, L_0x55a3f9cc5ac0, L_0x55a3f9cc5d30, C4<0>, C4<0>;
v0x55a3f9cc1600_0 .net "a", 0 0, L_0x55a3f9cc5f00;  1 drivers
v0x55a3f9cc16c0_0 .net "b", 0 0, L_0x55a3f9cc6030;  1 drivers
v0x55a3f9cc1790_0 .net "c1", 0 0, L_0x55a3f9cc5ac0;  1 drivers
v0x55a3f9cc1890_0 .net "c2", 0 0, L_0x55a3f9cc5d30;  1 drivers
v0x55a3f9cc1960_0 .net "cin", 0 0, L_0x55a3f9cc55e0;  alias, 1 drivers
v0x55a3f9cc1aa0_0 .net "co", 0 0, L_0x55a3f9cc5dc0;  alias, 1 drivers
v0x55a3f9cc1b40_0 .net "s1", 0 0, L_0x55a3f9cc5a30;  1 drivers
v0x55a3f9cc1c30_0 .net "sum", 0 0, L_0x55a3f9cc5ba0;  1 drivers
S_0x55a3f9cc09b0 .scope module, "ha1" "ha" 4 4, 5 1 0, S_0x55a3f9cc0760;
 .timescale 0 0;
    .port_info 0 /INPUT 1 "a"
    .port_info 1 /INPUT 1 "b"
    .port_info 2 /OUTPUT 1 "sum"
    .port_info 3 /OUTPUT 1 "co"
L_0x55a3f9cc5a30 .functor XOR 1, L_0x55a3f9cc5f00, L_0x55a3f9cc6030, C4<0>, C4<0>;
L_0x55a3f9cc5ac0 .functor AND 1, L_0x55a3f9cc5f00, L_0x55a3f9cc6030, C4<1>, C4<1>;
v0x55a3f9cc0c20_0 .net "a", 0 0, L_0x55a3f9cc5f00;  alias, 1 drivers
v0x55a3f9cc0d00_0 .net "b", 0 0, L_0x55a3f9cc6030;  alias, 1 drivers
v0x55a3f9cc0dc0_0 .net "co", 0 0, L_0x55a3f9cc5ac0;  alias, 1 drivers
v0x55a3f9cc0e90_0 .net "sum", 0 0, L_0x55a3f9cc5a30;  alias, 1 drivers
S_0x55a3f9cc1000 .scope module, "ha2" "ha" 4 5, 5 1 0, S_0x55a3f9cc0760;
 .timescale 0 0;
    .port_info 0 /INPUT 1 "a"
    .port_info 1 /INPUT 1 "b"
    .port_info 2 /OUTPUT 1 "sum"
    .port_info 3 /OUTPUT 1 "co"
L_0x55a3f9cc5ba0 .functor XOR 1, L_0x55a3f9cc55e0, L_0x55a3f9cc5a30, C4<0>, C4<0>;
L_0x55a3f9cc5d30 .functor AND 1, L_0x55a3f9cc55e0, L_0x55a3f9cc5a30, C4<1>, C4<1>;
v0x55a3f9cc1260_0 .net "a", 0 0, L_0x55a3f9cc55e0;  alias, 1 drivers
v0x55a3f9cc1330_0 .net "b", 0 0, L_0x55a3f9cc5a30;  alias, 1 drivers
v0x55a3f9cc1400_0 .net "co", 0 0, L_0x55a3f9cc5d30;  alias, 1 drivers
v0x55a3f9cc14d0_0 .net "sum", 0 0, L_0x55a3f9cc5ba0;  alias, 1 drivers
S_0x55a3f9cc1cd0 .scope module, "fa3" "fa" 3 7, 4 1 0, S_0x55a3f9c935a0;
 .timescale 0 0;
    .port_info 0 /INPUT 1 "a"
    .port_info 1 /INPUT 1 "b"
    .port_info 2 /INPUT 1 "cin"
    .port_info 3 /OUTPUT 1 "sum"
    .port_info 4 /OUTPUT 1 "co"
L_0x55a3f9cc64a0 .functor OR 1, L_0x55a3f9cc61f0, L_0x55a3f9cc6410, C4<0>, C4<0>;
v0x55a3f9cc2b70_0 .net "a", 0 0, L_0x55a3f9cc65e0;  1 drivers
v0x55a3f9cc2c30_0 .net "b", 0 0, L_0x55a3f9cc67a0;  1 drivers
v0x55a3f9cc2d00_0 .net "c1", 0 0, L_0x55a3f9cc61f0;  1 drivers
v0x55a3f9cc2e00_0 .net "c2", 0 0, L_0x55a3f9cc6410;  1 drivers
v0x55a3f9cc2ed0_0 .net "cin", 0 0, L_0x55a3f9cc5dc0;  alias, 1 drivers
v0x55a3f9cc3010_0 .net "co", 0 0, L_0x55a3f9cc64a0;  alias, 1 drivers
v0x55a3f9cc30b0_0 .net "s1", 0 0, L_0x55a3f9cc6160;  1 drivers
v0x55a3f9cc31a0_0 .net "sum", 0 0, L_0x55a3f9cc6280;  1 drivers
S_0x55a3f9cc1f20 .scope module, "ha1" "ha" 4 4, 5 1 0, S_0x55a3f9cc1cd0;
 .timescale 0 0;
    .port_info 0 /INPUT 1 "a"
    .port_info 1 /INPUT 1 "b"
    .port_info 2 /OUTPUT 1 "sum"
    .port_info 3 /OUTPUT 1 "co"
L_0x55a3f9cc6160 .functor XOR 1, L_0x55a3f9cc65e0, L_0x55a3f9cc67a0, C4<0>, C4<0>;
L_0x55a3f9cc61f0 .functor AND 1, L_0x55a3f9cc65e0, L_0x55a3f9cc67a0, C4<1>, C4<1>;
v0x55a3f9cc2190_0 .net "a", 0 0, L_0x55a3f9cc65e0;  alias, 1 drivers
v0x55a3f9cc2270_0 .net "b", 0 0, L_0x55a3f9cc67a0;  alias, 1 drivers
v0x55a3f9cc2330_0 .net "co", 0 0, L_0x55a3f9cc61f0;  alias, 1 drivers
v0x55a3f9cc2400_0 .net "sum", 0 0, L_0x55a3f9cc6160;  alias, 1 drivers
S_0x55a3f9cc2570 .scope module, "ha2" "ha" 4 5, 5 1 0, S_0x55a3f9cc1cd0;
 .timescale 0 0;
    .port_info 0 /INPUT 1 "a"
    .port_info 1 /INPUT 1 "b"
    .port_info 2 /OUTPUT 1 "sum"
    .port_info 3 /OUTPUT 1 "co"
L_0x55a3f9cc6280 .functor XOR 1, L_0x55a3f9cc5dc0, L_0x55a3f9cc6160, C4<0>, C4<0>;
L_0x55a3f9cc6410 .functor AND 1, L_0x55a3f9cc5dc0, L_0x55a3f9cc6160, C4<1>, C4<1>;
v0x55a3f9cc27d0_0 .net "a", 0 0, L_0x55a3f9cc5dc0;  alias, 1 drivers
v0x55a3f9cc28a0_0 .net "b", 0 0, L_0x55a3f9cc6160;  alias, 1 drivers
v0x55a3f9cc2970_0 .net "co", 0 0, L_0x55a3f9cc6410;  alias, 1 drivers
v0x55a3f9cc2a40_0 .net "sum", 0 0, L_0x55a3f9cc6280;  alias, 1 drivers
S_0x55a3f9cc3240 .scope module, "fa4" "fa" 3 8, 4 1 0, S_0x55a3f9c935a0;
 .timescale 0 0;
    .port_info 0 /INPUT 1 "a"
    .port_info 1 /INPUT 1 "b"
    .port_info 2 /INPUT 1 "cin"
    .port_info 3 /OUTPUT 1 "sum"
    .port_info 4 /OUTPUT 1 "co"
L_0x55a3f9cc6cb0 .functor OR 1, L_0x55a3f9cc6a50, L_0x55a3f9cc6c20, C4<0>, C4<0>;
v0x55a3f9cc40d0_0 .net "a", 0 0, L_0x55a3f9cc6d60;  1 drivers
v0x55a3f9cc4190_0 .net "b", 0 0, L_0x55a3f9cc6e90;  1 drivers
v0x55a3f9cc4260_0 .net "c1", 0 0, L_0x55a3f9cc6a50;  1 drivers
v0x55a3f9cc4360_0 .net "c2", 0 0, L_0x55a3f9cc6c20;  1 drivers
v0x55a3f9cc4430_0 .net "cin", 0 0, L_0x55a3f9cc64a0;  alias, 1 drivers
v0x55a3f9cc4570_0 .net "co", 0 0, L_0x55a3f9cc6cb0;  alias, 1 drivers
v0x55a3f9cc4610_0 .net "s1", 0 0, L_0x55a3f9cc69a0;  1 drivers
v0x55a3f9cc4700_0 .net "sum", 0 0, L_0x55a3f9cc6ae0;  1 drivers
S_0x55a3f9cc3490 .scope module, "ha1" "ha" 4 4, 5 1 0, S_0x55a3f9cc3240;
 .timescale 0 0;
    .port_info 0 /INPUT 1 "a"
    .port_info 1 /INPUT 1 "b"
    .port_info 2 /OUTPUT 1 "sum"
    .port_info 3 /OUTPUT 1 "co"
L_0x55a3f9cc69a0 .functor XOR 1, L_0x55a3f9cc6d60, L_0x55a3f9cc6e90, C4<0>, C4<0>;
L_0x55a3f9cc6a50 .functor AND 1, L_0x55a3f9cc6d60, L_0x55a3f9cc6e90, C4<1>, C4<1>;
v0x55a3f9cc36f0_0 .net "a", 0 0, L_0x55a3f9cc6d60;  alias, 1 drivers
v0x55a3f9cc37d0_0 .net "b", 0 0, L_0x55a3f9cc6e90;  alias, 1 drivers
v0x55a3f9cc3890_0 .net "co", 0 0, L_0x55a3f9cc6a50;  alias, 1 drivers
v0x55a3f9cc3960_0 .net "sum", 0 0, L_0x55a3f9cc69a0;  alias, 1 drivers
S_0x55a3f9cc3ad0 .scope module, "ha2" "ha" 4 5, 5 1 0, S_0x55a3f9cc3240;
 .timescale 0 0;
    .port_info 0 /INPUT 1 "a"
    .port_info 1 /INPUT 1 "b"
    .port_info 2 /OUTPUT 1 "sum"
    .port_info 3 /OUTPUT 1 "co"
L_0x55a3f9cc6ae0 .functor XOR 1, L_0x55a3f9cc64a0, L_0x55a3f9cc69a0, C4<0>, C4<0>;
L_0x55a3f9cc6c20 .functor AND 1, L_0x55a3f9cc64a0, L_0x55a3f9cc69a0, C4<1>, C4<1>;
v0x55a3f9cc3d30_0 .net "a", 0 0, L_0x55a3f9cc64a0;  alias, 1 drivers
v0x55a3f9cc3e00_0 .net "b", 0 0, L_0x55a3f9cc69a0;  alias, 1 drivers
v0x55a3f9cc3ed0_0 .net "co", 0 0, L_0x55a3f9cc6c20;  alias, 1 drivers
v0x55a3f9cc3fa0_0 .net "sum", 0 0, L_0x55a3f9cc6ae0;  alias, 1 drivers
    .scope S_0x55a3f9c937a0;
T_0 ;
    %vpi_call 2 11 "$monitor", "a=%0d, b=%0d, co=%b, sum=%b", v0x55a3f9cc4d70_0, v0x55a3f9cc4e50_0, v0x55a3f9cc4f20_0, v0x55a3f9cc50e0_0 {0 0 0};
    %end;
    .thread T_0;
    .scope S_0x55a3f9c937a0;
T_1 ;
    %pushi/vec4 0, 0, 32;
    %store/vec4 v0x55a3f9cc5040_0, 0, 32;
T_1.0 ;
    %load/vec4 v0x55a3f9cc5040_0;
    %cmpi/s 15, 0, 32;
    %flag_or 5, 4;
    %jmp/0xz T_1.1, 5;
    %load/vec4 v0x55a3f9cc5040_0;
    %pad/s 4;
    %store/vec4 v0x55a3f9cc4d70_0, 0, 4;
    %load/vec4 v0x55a3f9cc5040_0;
    %muli 2, 0, 32;
    %pad/s 4;
    %store/vec4 v0x55a3f9cc4e50_0, 0, 4;
    %delay 5, 0;
    %load/vec4 v0x55a3f9cc5040_0;
    %addi 1, 0, 32;
    %store/vec4 v0x55a3f9cc5040_0, 0, 32;
    %jmp T_1.0;
T_1.1 ;
    %end;
    .thread T_1;
# The file index is used to find the file name in the following table.
:file_names 6;
    "N/A";
    "<interactive>";
    "test.v";
    "rca.v";
    "fa.v";
    "ha.v";
